<?xml version="1.0" encoding="UTF-8"?>
<!-- Generated by org.testng.reporters.JUnitReportReporter -->
<testsuite hostname="DESKTOP-7VHRGF3" failures="0" tests="20" name="selp.test" time="93.219" errors="0" timestamp="2025-08-20T15:14:37 IST" skipped="0">
  <testcase classname="selp.test" name="Add_to_Item_to_Cart" time="2.053"/>
  <testcase classname="selp.test" name="Valid_Login_Enter" time="1.852"/>
  <testcase classname="selp.test" name="Invalid_Username" time="6.552"/>
  <testcase classname="selp.test" name="Blank_Password" time="1.829"/>
  <testcase classname="selp.test" name="Logout" time="2.900"/>
  <testcase classname="selp.test" name="Valid_Login_Button" time="1.930"/>
  <testcase classname="selp.test" name="Blank_Username" time="4.053"/>
  <testcase classname="selp.test" name="Valid_Login_Button" time="7.694"/>
  <testcase classname="selp.test" name="Invalid_Password" time="7.261"/>
  <testcase classname="selp.test" name="Remove_Item_from_Cart" time="7.604"/>
  <testcase classname="selp.test" name="Logout" time="7.427"/>
  <testcase classname="selp.test" name="Remove_Item_from_Cart" time="2.195"/>
  <testcase classname="selp.test" name="Navigate_to_Homepage" time="2.232"/>
  <testcase classname="selp.test" name="Blank_Password" time="6.533"/>
  <testcase classname="selp.test" name="Add_to_Item_to_Cart" time="6.754"/>
  <testcase classname="selp.test" name="Blank_Username" time="6.853"/>
  <testcase classname="selp.test" name="Invalid_Username" time="1.765"/>
  <testcase classname="selp.test" name="Valid_Login_Enter" time="6.838"/>
  <testcase classname="selp.test" name="Invalid_Password" time="1.688"/>
  <testcase classname="selp.test" name="Navigate_to_Homepage" time="7.206"/>
</testsuite> <!-- selp.test -->
